# JRE version: OpenJDK Runtime Environment Temurin-17.0.12+7 (17.0.12+7) (build 17.0.12+7)
# Java VM: OpenJDK 64-Bit Server VM Temurin-17.0.12+7 (17.0.12+7, mixed mode, tiered, compressed oops, compressed class ptrs, parallel gc, windows-amd64)
GC Precious Log:
 CPUs: 4 total, 4 available
 Memory: 20160M
 Large Page Support: Disabled
 NUMA Support: Disabled
 Compressed Oops: Enabled (32-bit)
 Alignments: Space 512K, Generation 512K, Heap 2M
 Heap Min Capacity: 100M
 Heap Initial Capacity: 100M
 Heap Max Capacity: 1G
 Pre-touch: Disabled
 Parallel Workers: 4
Heap:
 PSYoungGen      total 22528K, used 20099K [0x00000000eab00000, 0x00000000ec400000, 0x0000000100000000)
  eden space 22016K, 90% used [0x00000000eab00000,0x00000000ebe80c08,0x00000000ec080000)
  from space 512K, 25% used [0x00000000ec200000,0x00000000ec220000,0x00000000ec280000)
  to   space 1024K, 0% used [0x00000000ec300000,0x00000000ec300000,0x00000000ec400000)
 ParOldGen       total 68608K, used 20345K [0x00000000c0000000, 0x00000000c4300000, 0x00000000eab00000)
  object space 68608K, 29% used [0x00000000c0000000,0x00000000c13de6f8,0x00000000c4300000)
 Metaspace       used 42997K, committed 43840K, reserved 1114112K
  class space    used 4388K, committed 4736K, reserved 1048576K
GC Heap History (20 events):
Event: 59.076 GC heap before
{Heap before GC invocations=8 (full 1):
 PSYoungGen      total 27648K, used 27217K [0x00000000eab00000, 0x00000000eca00000, 0x0000000100000000)
  eden space 24576K, 100% used [0x00000000eab00000,0x00000000ec300000,0x00000000ec300000)
  from space 3072K, 85% used [0x00000000ec700000,0x00000000ec994538,0x00000000eca00000)
  to   space 3072K, 0% used [0x00000000ec400000,0x00000000ec400000,0x00000000ec700000)
 ParOldGen       total 68608K, used 6887K [0x00000000c0000000, 0x00000000c4300000, 0x00000000eab00000)
  object space 68608K, 10% used [0x00000000c0000000,0x00000000c06b9cd0,0x00000000c4300000)
 Metaspace       used 30380K, committed 30912K, reserved 1114112K
  class space    used 2938K, committed 3200K, reserved 1048576K
}
Event: 59.079 GC heap after
{Heap after GC invocations=8 (full 1):
 PSYoungGen      total 27136K, used 3041K [0x00000000eab00000, 0x00000000ecb80000, 0x0000000100000000)
  eden space 24064K, 0% used [0x00000000eab00000,0x00000000eab00000,0x00000000ec280000)
  from space 3072K, 99% used [0x00000000ec400000,0x00000000ec6f86a8,0x00000000ec700000)
  to   space 4608K, 0% used [0x00000000ec700000,0x00000000ec700000,0x00000000ecb80000)
 ParOldGen       total 68608K, used 8051K [0x00000000c0000000, 0x00000000c4300000, 0x00000000eab00000)
  object space 68608K, 11% used [0x00000000c0000000,0x00000000c07dcdc0,0x00000000c4300000)
 Metaspace       used 30380K, committed 30912K, reserved 1114112K
  class space    used 2938K, committed 3200K, reserved 1048576K
}
Event: 61.896 GC heap before
{Heap before GC invocations=9 (full 1):
 PSYoungGen      total 27136K, used 27105K [0x00000000eab00000, 0x00000000ecb80000, 0x0000000100000000)
  eden space 24064K, 100% used [0x00000000eab00000,0x00000000ec280000,0x00000000ec280000)
  from space 3072K, 99% used [0x00000000ec400000,0x00000000ec6f86a8,0x00000000ec700000)
  to   space 4608K, 0% used [0x00000000ec700000,0x00000000ec700000,0x00000000ecb80000)
 ParOldGen       total 68608K, used 8051K [0x00000000c0000000, 0x00000000c4300000, 0x00000000eab00000)
  object space 68608K, 11% used [0x00000000c0000000,0x00000000c07dcdc0,0x00000000c4300000)
 Metaspace       used 34003K, committed 34624K, reserved 1114112K
  class space    used 3388K, committed 3648K, reserved 1048576K
}
Event: 61.899 GC heap after
{Heap after GC invocations=9 (full 1):
 PSYoungGen      total 28160K, used 4136K [0x00000000eab00000, 0x00000000ecb80000, 0x0000000100000000)
  eden space 23552K, 0% used [0x00000000eab00000,0x00000000eab00000,0x00000000ec200000)
  from space 4608K, 89% used [0x00000000ec700000,0x00000000ecb0a0f8,0x00000000ecb80000)
  to   space 4608K, 0% used [0x00000000ec280000,0x00000000ec280000,0x00000000ec700000)
 ParOldGen       total 68608K, used 8051K [0x00000000c0000000, 0x00000000c4300000, 0x00000000eab00000)
  object space 68608K, 11% used [0x00000000c0000000,0x00000000c07dcdc0,0x00000000c4300000)
 Metaspace       used 34003K, committed 34624K, reserved 1114112K
  class space    used 3388K, committed 3648K, reserved 1048576K
}
Event: 62.195 GC heap before
{Heap before GC invocations=10 (full 1):
 PSYoungGen      total 28160K, used 12483K [0x00000000eab00000, 0x00000000ecb80000, 0x0000000100000000)
  eden space 23552K, 35% used [0x00000000eab00000,0x00000000eb326e48,0x00000000ec200000)
  from space 4608K, 89% used [0x00000000ec700000,0x00000000ecb0a0f8,0x00000000ecb80000)
  to   space 4608K, 0% used [0x00000000ec280000,0x00000000ec280000,0x00000000ec700000)
 ParOldGen       total 68608K, used 8051K [0x00000000c0000000, 0x00000000c4300000, 0x00000000eab00000)
  object space 68608K, 11% used [0x00000000c0000000,0x00000000c07dcdc0,0x00000000c4300000)
 Metaspace       used 35277K, committed 35840K, reserved 1114112K
  class space    used 3535K, committed 3776K, reserved 1048576K
}
Event: 62.198 GC heap after
{Heap after GC invocations=10 (full 1):
 PSYoungGen      total 27136K, used 3119K [0x00000000eab00000, 0x00000000ec900000, 0x0000000100000000)
  eden space 23552K, 0% used [0x00000000eab00000,0x00000000eab00000,0x00000000ec200000)
  from space 3584K, 87% used [0x00000000ec280000,0x00000000ec58be08,0x00000000ec600000)
  to   space 3072K, 0% used [0x00000000ec600000,0x00000000ec600000,0x00000000ec900000)
 ParOldGen       total 68608K, used 9782K [0x00000000c0000000, 0x00000000c4300000, 0x00000000eab00000)
  object space 68608K, 14% used [0x00000000c0000000,0x00000000c098d870,0x00000000c4300000)
 Metaspace       used 35277K, committed 35840K, reserved 1114112K
  class space    used 3535K, committed 3776K, reserved 1048576K
}
Event: 62.198 GC heap before
{Heap before GC invocations=11 (full 2):
 PSYoungGen      total 27136K, used 3119K [0x00000000eab00000, 0x00000000ec900000, 0x0000000100000000)
  eden space 23552K, 0% used [0x00000000eab00000,0x00000000eab00000,0x00000000ec200000)
  from space 3584K, 87% used [0x00000000ec280000,0x00000000ec58be08,0x00000000ec600000)
  to   space 3072K, 0% used [0x00000000ec600000,0x00000000ec600000,0x00000000ec900000)
 ParOldGen       total 68608K, used 9782K [0x00000000c0000000, 0x00000000c4300000, 0x00000000eab00000)
  object space 68608K, 14% used [0x00000000c0000000,0x00000000c098d870,0x00000000c4300000)
 Metaspace       used 35277K, committed 35840K, reserved 1114112K
  class space    used 3535K, committed 3776K, reserved 1048576K
}
Event: 62.221 GC heap after
{Heap after GC invocations=11 (full 2):
 PSYoungGen      total 27136K, used 0K [0x00000000eab00000, 0x00000000ec900000, 0x0000000100000000)
  eden space 23552K, 0% used [0x00000000eab00000,0x00000000eab00000,0x00000000ec200000)
  from space 3584K, 0% used [0x00000000ec280000,0x00000000ec280000,0x00000000ec600000)
  to   space 3072K, 0% used [0x00000000ec600000,0x00000000ec600000,0x00000000ec900000)
 ParOldGen       total 68608K, used 12677K [0x00000000c0000000, 0x00000000c4300000, 0x00000000eab00000)
  object space 68608K, 18% used [0x00000000c0000000,0x00000000c0c615c0,0x00000000c4300000)
 Metaspace       used 35277K, committed 35840K, reserved 1114112K
  class space    used 3535K, committed 3776K, reserved 1048576K
}
Event: 63.600 GC heap before
{Heap before GC invocations=12 (full 2):
 PSYoungGen      total 27136K, used 23552K [0x00000000eab00000, 0x00000000ec900000, 0x0000000100000000)
  eden space 23552K, 100% used [0x00000000eab00000,0x00000000ec200000,0x00000000ec200000)
  from space 3584K, 0% used [0x00000000ec280000,0x00000000ec280000,0x00000000ec600000)
  to   space 3072K, 0% used [0x00000000ec600000,0x00000000ec600000,0x00000000ec900000)
 ParOldGen       total 68608K, used 12677K [0x00000000c0000000, 0x00000000c4300000, 0x00000000eab00000)
  object space 68608K, 18% used [0x00000000c0000000,0x00000000c0c615c0,0x00000000c4300000)
 Metaspace       used 38053K, committed 38912K, reserved 1114112K
  class space    used 3871K, committed 4224K, reserved 1048576K
}
Event: 63.602 GC heap after
{Heap after GC invocations=12 (full 2):
 PSYoungGen      total 25088K, used 1696K [0x00000000eab00000, 0x00000000ec800000, 0x0000000100000000)
  eden space 23040K, 0% used [0x00000000eab00000,0x00000000eab00000,0x00000000ec180000)
  from space 2048K, 82% used [0x00000000ec600000,0x00000000ec7a8020,0x00000000ec800000)
  to   space 2560K, 0% used [0x00000000ec300000,0x00000000ec300000,0x00000000ec580000)
 ParOldGen       total 68608K, used 12685K [0x00000000c0000000, 0x00000000c4300000, 0x00000000eab00000)
  object space 68608K, 18% used [0x00000000c0000000,0x00000000c0c635c0,0x00000000c4300000)
 Metaspace       used 38053K, committed 38912K, reserved 1114112K
  class space    used 3871K, committed 4224K, reserved 1048576K
}
Event: 64.047 GC heap before
{Heap before GC invocations=13 (full 2):
 PSYoungGen      total 25088K, used 24736K [0x00000000eab00000, 0x00000000ec800000, 0x0000000100000000)
  eden space 23040K, 100% used [0x00000000eab00000,0x00000000ec180000,0x00000000ec180000)
  from space 2048K, 82% used [0x00000000ec600000,0x00000000ec7a8020,0x00000000ec800000)
  to   space 2560K, 0% used [0x00000000ec300000,0x00000000ec300000,0x00000000ec580000)
 ParOldGen       total 68608K, used 12685K [0x00000000c0000000, 0x00000000c4300000, 0x00000000eab00000)
  object space 68608K, 18% used [0x00000000c0000000,0x00000000c0c635c0,0x00000000c4300000)
 Metaspace       used 38424K, committed 39296K, reserved 1114112K
  class space    used 3923K, committed 4288K, reserved 1048576K
}
Event: 64.050 GC heap after
{Heap after GC invocations=13 (full 2):
 PSYoungGen      total 25088K, used 2193K [0x00000000eab00000, 0x00000000ec680000, 0x0000000100000000)
  eden space 22528K, 0% used [0x00000000eab00000,0x00000000eab00000,0x00000000ec100000)
  from space 2560K, 85% used [0x00000000ec300000,0x00000000ec524480,0x00000000ec580000)
  to   space 1024K, 0% used [0x00000000ec580000,0x00000000ec580000,0x00000000ec680000)
 ParOldGen       total 68608K, used 14241K [0x00000000c0000000, 0x00000000c4300000, 0x00000000eab00000)
  object space 68608K, 20% used [0x00000000c0000000,0x00000000c0de8550,0x00000000c4300000)
 Metaspace       used 38424K, committed 39296K, reserved 1114112K
  class space    used 3923K, committed 4288K, reserved 1048576K
}
Event: 64.221 GC heap before
{Heap before GC invocations=14 (full 2):
 PSYoungGen      total 25088K, used 24721K [0x00000000eab00000, 0x00000000ec680000, 0x0000000100000000)
  eden space 22528K, 100% used [0x00000000eab00000,0x00000000ec100000,0x00000000ec100000)
  from space 2560K, 85% used [0x00000000ec300000,0x00000000ec524480,0x00000000ec580000)
  to   space 1024K, 0% used [0x00000000ec580000,0x00000000ec580000,0x00000000ec680000)
 ParOldGen       total 68608K, used 14241K [0x00000000c0000000, 0x00000000c4300000, 0x00000000eab00000)
  object space 68608K, 20% used [0x00000000c0000000,0x00000000c0de8550,0x00000000c4300000)
 Metaspace       used 38592K, committed 39424K, reserved 1114112K
  class space    used 3927K, committed 4288K, reserved 1048576K
}
Event: 64.227 GC heap after
{Heap after GC invocations=14 (full 2):
 PSYoungGen      total 23040K, used 1024K [0x00000000eab00000, 0x00000000ec980000, 0x0000000100000000)
  eden space 22016K, 0% used [0x00000000eab00000,0x00000000eab00000,0x00000000ec080000)
  from space 1024K, 100% used [0x00000000ec580000,0x00000000ec680000,0x00000000ec680000)
  to   space 4608K, 0% used [0x00000000ec080000,0x00000000ec080000,0x00000000ec500000)
 ParOldGen       total 68608K, used 17347K [0x00000000c0000000, 0x00000000c4300000, 0x00000000eab00000)
  object space 68608K, 25% used [0x00000000c0000000,0x00000000c10f0dd0,0x00000000c4300000)
 Metaspace       used 38592K, committed 39424K, reserved 1114112K
  class space    used 3927K, committed 4288K, reserved 1048576K
}
Event: 65.163 GC heap before
{Heap before GC invocations=15 (full 2):
 PSYoungGen      total 23040K, used 23019K [0x00000000eab00000, 0x00000000ec980000, 0x0000000100000000)
  eden space 22016K, 99% used [0x00000000eab00000,0x00000000ec07ac08,0x00000000ec080000)
  from space 1024K, 100% used [0x00000000ec580000,0x00000000ec680000,0x00000000ec680000)
  to   space 4608K, 0% used [0x00000000ec080000,0x00000000ec080000,0x00000000ec500000)
 ParOldGen       total 68608K, used 17347K [0x00000000c0000000, 0x00000000c4300000, 0x00000000eab00000)
  object space 68608K, 25% used [0x00000000c0000000,0x00000000c10f0dd0,0x00000000c4300000)
 Metaspace       used 39463K, committed 40320K, reserved 1114112K
  class space    used 4033K, committed 4416K, reserved 1048576K
}
Event: 65.166 GC heap after
{Heap after GC invocations=15 (full 2):
 PSYoungGen      total 24064K, used 1653K [0x00000000eab00000, 0x00000000ec600000, 0x0000000100000000)
  eden space 22016K, 0% used [0x00000000eab00000,0x00000000eab00000,0x00000000ec080000)
  from space 2048K, 80% used [0x00000000ec080000,0x00000000ec21d448,0x00000000ec280000)
  to   space 2560K, 0% used [0x00000000ec380000,0x00000000ec380000,0x00000000ec600000)
 ParOldGen       total 68608K, used 18387K [0x00000000c0000000, 0x00000000c4300000, 0x00000000eab00000)
  object space 68608K, 26% used [0x00000000c0000000,0x00000000c11f4dd0,0x00000000c4300000)
 Metaspace       used 39463K, committed 40320K, reserved 1114112K
  class space    used 4033K, committed 4416K, reserved 1048576K
}
Event: 66.349 GC heap before
{Heap before GC invocations=16 (full 2):
 PSYoungGen      total 24064K, used 23669K [0x00000000eab00000, 0x00000000ec600000, 0x0000000100000000)
  eden space 22016K, 100% used [0x00000000eab00000,0x00000000ec080000,0x00000000ec080000)
  from space 2048K, 80% used [0x00000000ec080000,0x00000000ec21d448,0x00000000ec280000)
  to   space 2560K, 0% used [0x00000000ec380000,0x00000000ec380000,0x00000000ec600000)
 ParOldGen       total 68608K, used 18387K [0x00000000c0000000, 0x00000000c4300000, 0x00000000eab00000)
  object space 68608K, 26% used [0x00000000c0000000,0x00000000c11f4dd0,0x00000000c4300000)
 Metaspace       used 40809K, committed 41600K, reserved 1114112K
  class space    used 4178K, committed 4544K, reserved 1048576K
}
Event: 66.352 GC heap after
{Heap after GC invocations=16 (full 2):
 PSYoungGen      total 23552K, used 1160K [0x00000000eab00000, 0x00000000ec500000, 0x0000000100000000)
  eden space 22016K, 0% used [0x00000000eab00000,0x00000000eab00000,0x00000000ec080000)
  from space 1536K, 75% used [0x00000000ec380000,0x00000000ec4a2080,0x00000000ec500000)
  to   space 1536K, 0% used [0x00000000ec200000,0x00000000ec200000,0x00000000ec380000)
 ParOldGen       total 68608K, used 19939K [0x00000000c0000000, 0x00000000c4300000, 0x00000000eab00000)
  object space 68608K, 29% used [0x00000000c0000000,0x00000000c1378d30,0x00000000c4300000)
 Metaspace       used 40809K, committed 41600K, reserved 1114112K
  class space    used 4178K, committed 4544K, reserved 1048576K
}
Event: 66.712 GC heap before
{Heap before GC invocations=17 (full 2):
 PSYoungGen      total 23552K, used 23176K [0x00000000eab00000, 0x00000000ec500000, 0x0000000100000000)
  eden space 22016K, 100% used [0x00000000eab00000,0x00000000ec080000,0x00000000ec080000)
  from space 1536K, 75% used [0x00000000ec380000,0x00000000ec4a2080,0x00000000ec500000)
  to   space 1536K, 0% used [0x00000000ec200000,0x00000000ec200000,0x00000000ec380000)
 ParOldGen       total 68608K, used 19939K [0x00000000c0000000, 0x00000000c4300000, 0x00000000eab00000)
  object space 68608K, 29% used [0x00000000c0000000,0x00000000c1378d30,0x00000000c4300000)
 Metaspace       used 41131K, committed 41920K, reserved 1114112K
  class space    used 4200K, committed 4544K, reserved 1048576K
}
Event: 66.713 GC heap after
{Heap after GC invocations=17 (full 2):
 PSYoungGen      total 22528K, used 128K [0x00000000eab00000, 0x00000000ec400000, 0x0000000100000000)
  eden space 22016K, 0% used [0x00000000eab00000,0x00000000eab00000,0x00000000ec080000)
  from space 512K, 25% used [0x00000000ec200000,0x00000000ec220000,0x00000000ec280000)
  to   space 1024K, 0% used [0x00000000ec300000,0x00000000ec300000,0x00000000ec400000)
 ParOldGen       total 68608K, used 20345K [0x00000000c0000000, 0x00000000c4300000, 0x00000000eab00000)
  object space 68608K, 29% used [0x00000000c0000000,0x00000000c13de6f8,0x00000000c4300000)
 Metaspace       used 41131K, committed 41920K, reserved 1114112K
  class space    used 4200K, committed 4544K, reserved 1048576K
}

